Traceback (most recent call last):
  File "C:\Users\User-DTIC\inscripci-n_uagrm\manage.py", line 22, in <module>
    main()
  File "C:\Users\User-DTIC\inscripci-n_uagrm\manage.py", line 18, in main
    execute_from_command_line(sys.argv)
  File "C:\Users\User-DTIC\inscripci-n_uagrm\.venv\Lib\site-packages\django\core\management\__init__.py", line 442, in execute_from_command_line
    utility.execute()
  File "C:\Users\User-DTIC\inscripci-n_uagrm\.venv\Lib\site-packages\django\core\management\__init__.py", line 436, in execute
    self.fetch_command(subcommand).run_from_argv(self.argv)
  File "C:\Users\User-DTIC\inscripci-n_uagrm\.venv\Lib\site-packages\django\core\management\base.py", line 412, in run_from_argv
    self.execute(*args, **cmd_options)
  File "C:\Users\User-DTIC\inscripci-n_uagrm\.venv\Lib\site-packages\django\core\management\commands\runserver.py", line 74, in execute
    super().execute(*args, **options)
  File "C:\Users\User-DTIC\inscripci-n_uagrm\.venv\Lib\site-packages\django\core\management\base.py", line 458, in execute
    output = self.handle(*args, **options)
             ^^^^^^^^^^^^^^^^^^^^^^^^^^^^^
  File "C:\Users\User-DTIC\inscripci-n_uagrm\.venv\Lib\site-packages\django\core\management\commands\runserver.py", line 111, in handle
    self.run(**options)
  File "C:\Users\User-DTIC\inscripci-n_uagrm\.venv\Lib\site-packages\django\core\management\commands\runserver.py", line 120, in run
    self.inner_run(None, **options)
  File "C:\Users\User-DTIC\inscripci-n_uagrm\.venv\Lib\site-packages\django\core\management\commands\runserver.py", line 136, in inner_run
    self.check_migrations()
  File "C:\Users\User-DTIC\inscripci-n_uagrm\.venv\Lib\site-packages\django\core\management\base.py", line 574, in check_migrations
    executor = MigrationExecutor(connections[DEFAULT_DB_ALIAS])
               ^^^^^^^^^^^^^^^^^^^^^^^^^^^^^^^^^^^^^^^^^^^^^^^^
  File "C:\Users\User-DTIC\inscripci-n_uagrm\.venv\Lib\site-packages\django\db\migrations\executor.py", line 18, in __init__
    self.loader = MigrationLoader(self.connection)
                  ^^^^^^^^^^^^^^^^^^^^^^^^^^^^^^^^
  File "C:\Users\User-DTIC\inscripci-n_uagrm\.venv\Lib\site-packages\django\db\migrations\loader.py", line 58, in __init__
    self.build_graph()
  File "C:\Users\User-DTIC\inscripci-n_uagrm\.venv\Lib\site-packages\django\db\migrations\loader.py", line 235, in build_graph
    self.applied_migrations = recorder.applied_migrations()
                              ^^^^^^^^^^^^^^^^^^^^^^^^^^^^^
  File "C:\Users\User-DTIC\inscripci-n_uagrm\.venv\Lib\site-packages\django\db\migrations\recorder.py", line 81, in applied_migrations
    if self.has_table():
       ^^^^^^^^^^^^^^^^
  File "C:\Users\User-DTIC\inscripci-n_uagrm\.venv\Lib\site-packages\django\db\migrations\recorder.py", line 57, in has_table
    with self.connection.cursor() as cursor:
         ^^^^^^^^^^^^^^^^^^^^^^^^
  File "C:\Users\User-DTIC\inscripci-n_uagrm\.venv\Lib\site-packages\django\utils\asyncio.py", line 26, in inner
    return func(*args, **kwargs)
           ^^^^^^^^^^^^^^^^^^^^^
  File "C:\Users\User-DTIC\inscripci-n_uagrm\.venv\Lib\site-packages\django\db\backends\base\base.py", line 330, in cursor
    return self._cursor()
           ^^^^^^^^^^^^^^
  File "C:\Users\User-DTIC\inscripci-n_uagrm\.venv\Lib\site-packages\django\db\backends\base\base.py", line 306, in _cursor
    self.ensure_connection()
  File "C:\Users\User-DTIC\inscripci-n_uagrm\.venv\Lib\site-packages\django\utils\asyncio.py", line 26, in inner
    return func(*args, **kwargs)
           ^^^^^^^^^^^^^^^^^^^^^
  File "C:\Users\User-DTIC\inscripci-n_uagrm\.venv\Lib\site-packages\django\db\backends\base\base.py", line 289, in ensure_connection
    self.connect()
  File "C:\Users\User-DTIC\inscripci-n_uagrm\.venv\Lib\site-packages\django\utils\asyncio.py", line 26, in inner
    return func(*args, **kwargs)
           ^^^^^^^^^^^^^^^^^^^^^
  File "C:\Users\User-DTIC\inscripci-n_uagrm\.venv\Lib\site-packages\django\db\backends\base\base.py", line 270, in connect
    self.connection = self.get_new_connection(conn_params)
                      ^^^^^^^^^^^^^^^^^^^^^^^^^^^^^^^^^^^^
  File "C:\Users\User-DTIC\inscripci-n_uagrm\.venv\Lib\site-packages\django\utils\asyncio.py", line 26, in inner
    return func(*args, **kwargs)
           ^^^^^^^^^^^^^^^^^^^^^
  File "C:\Users\User-DTIC\inscripci-n_uagrm\.venv\Lib\site-packages\django\db\backends\postgresql\base.py", line 275, in get_new_connection
    connection = self.Database.connect(**conn_params)
                 ^^^^^^^^^^^^^^^^^^^^^^^^^^^^^^^^^^^^
  File "C:\Users\User-DTIC\inscripci-n_uagrm\.venv\Lib\site-packages\psycopg2\__init__.py", line 122, in connect
    conn = _connect(dsn, connection_factory=connection_factory, **kwasync)
           ^^^^^^^^^^^^^^^^^^^^^^^^^^^^^^^^^^^^^^^^^^^^^^^^^^^^^^^^^^^^^^^
UnicodeDecodeError: 'utf-8' codec can't decode byte 0xf3 in position 85: invalid continuation byte
